info it worked if it ends with ok
verbose cli [ 'node', '/usr/local/bin/npm', 'install', '-g', 'foreman' ]
info using npm@1.1.8
info using node@v0.6.12
verbose /usr/local/bin/node node symlink
verbose config file /Users/eric/.npmrc
verbose config file /usr/local/etc/npmrc
verbose config file /usr/local/lib/node_modules/npm/npmrc
silly exec /usr/local/bin/node "/usr/local/lib/node_modules/npm/bin/npm-get-uid-gid.js" "nobody" 20
silly spawning [ '/usr/local/bin/node',
silly spawning   [ '/usr/local/lib/node_modules/npm/bin/npm-get-uid-gid.js',
silly spawning     'nobody',
silly spawning     20 ],
silly spawning   null ]
silly output from getuid/gid {"uid":-2,"gid":20}
silly output from getuid/gid 
verbose cache add [ 'foreman', null ]
silly cache add: name, spec, args [ undefined, 'foreman', [ 'foreman', null ] ]
verbose parsed url { pathname: 'foreman', path: 'foreman', href: 'foreman' }
verbose addNamed [ 'foreman', '' ]
verbose addNamed [ null, '' ]
silly name, range, hasData [ 'foreman', '', false ]
verbose raw, before any munging foreman
verbose url resolving [ 'https://registry.npmjs.org/', './foreman' ]
verbose url resolved https://registry.npmjs.org/foreman
http GET https://registry.npmjs.org/foreman
http 404 https://registry.npmjs.org/foreman
silly get cb [ 404,
silly get cb   { server: 'CouchDB/1.2.0 (Erlang OTP/R15B)',
silly get cb     date: 'Tue, 20 Mar 2012 16:00:59 GMT',
silly get cb     'content-type': 'application/json',
silly get cb     'content-length': '52',
silly get cb     'cache-control': 'must-revalidate' } ]
ERR! 404 'foreman' is not in the npm registry.
ERR! 404 You should bug the author to publish it
ERR! 404 Note that you can also install from a
ERR! 404 tarball, folder, or http url, or git url.
ERR! 
ERR! System Darwin 11.3.0
ERR! command "node" "/usr/local/bin/npm" "install" "-g" "foreman"
ERR! cwd /Users/eric/Documents/Projects/changeloaf
ERR! node -v v0.6.12
ERR! npm -v 1.1.8
ERR! code E404
ERR! message 404 Not Found: foreman
ERR! errno {}
verbose exit [ 1, true ]
